Logfile initialized
[INFO] logfile = /Users/dperussina/Documents/Titanium Studio Workspace/TAGNET Mobile/build.log
[DEBUG] /Library/Application Support/Titanium/mobilesdk/osx/2.1.1.GA/android/builder.py install TAGNET Mobile /Users/dperussina/android_sdk /Users/dperussina/Documents/Titanium Studio Workspace/TAGNET Mobile com.tagnet_mobile.agentgrid 13
[INFO] Titanium SDK version: 2.1.1 (07/27/12 14:01 0fd84a2)
[DEBUG] Waiting for device to be ready ...
[TRACE] adb devices returned 2 devices/emulators
[DEBUG] Device connected... (waited 0 seconds)
[DEBUG] waited 0.016833 seconds on emulator to get ready
[DEBUG] com.tagnet_mobile.agentgrid installed? False
[INFO] Copying CommonJS modules...
[INFO] Copying project resources..
[INFO] Detected change in tiapp.xml, or assets deleted. Forcing full re-build...
[TRACE] COPYING CREATED FILE: /Users/dperussina/Documents/Titanium Studio Workspace/TAGNET Mobile/Resources/agenda_bg.jpg => /Users/dperussina/Documents/Titanium Studio Workspace/TAGNET Mobile/build/android/bin/assets/Resources/agenda_bg.jpg
[TRACE] COPYING CREATED FILE: /Users/dperussina/Documents/Titanium Studio Workspace/TAGNET Mobile/Resources/AgendaWindow.js => /Users/dperussina/Documents/Titanium Studio Workspace/TAGNET Mobile/build/android/bin/assets/Resources/AgendaWindow.js
[TRACE] COPYING CREATED FILE: /Users/dperussina/Documents/Titanium Studio Workspace/TAGNET Mobile/Resources/android/appicon.png => /Users/dperussina/Documents/Titanium Studio Workspace/TAGNET Mobile/build/android/bin/assets/Resources/appicon.png
[TRACE] COPYING CREATED FILE: /Users/dperussina/Documents/Titanium Studio Workspace/TAGNET Mobile/Resources/android/default.png => /Users/dperussina/Documents/Titanium Studio Workspace/TAGNET Mobile/build/android/bin/assets/Resources/default.png
[TRACE] COPYING CREATED FILE: /Users/dperussina/Documents/Titanium Studio Workspace/TAGNET Mobile/Resources/app.js => /Users/dperussina/Documents/Titanium Studio Workspace/TAGNET Mobile/build/android/bin/assets/Resources/app.js
[TRACE] COPYING CREATED FILE: /Users/dperussina/Documents/Titanium Studio Workspace/TAGNET Mobile/Resources/Auction.js => /Users/dperussina/Documents/Titanium Studio Workspace/TAGNET Mobile/build/android/bin/assets/Resources/Auction.js
[TRACE] COPYING CREATED FILE: /Users/dperussina/Documents/Titanium Studio Workspace/TAGNET Mobile/Resources/Auction_Observer.js => /Users/dperussina/Documents/Titanium Studio Workspace/TAGNET Mobile/build/android/bin/assets/Resources/Auction_Observer.js
[TRACE] COPYING CREATED FILE: /Users/dperussina/Documents/Titanium Studio Workspace/TAGNET Mobile/Resources/autoupdate.js => /Users/dperussina/Documents/Titanium Studio Workspace/TAGNET Mobile/build/android/bin/assets/Resources/autoupdate.js
[TRACE] COPYING CREATED FILE: /Users/dperussina/Documents/Titanium Studio Workspace/TAGNET Mobile/Resources/Custom.js => /Users/dperussina/Documents/Titanium Studio Workspace/TAGNET Mobile/build/android/bin/assets/Resources/Custom.js
[TRACE] COPYING CREATED FILE: /Users/dperussina/Documents/Titanium Studio Workspace/TAGNET Mobile/Resources/DashBoard.js => /Users/dperussina/Documents/Titanium Studio Workspace/TAGNET Mobile/build/android/bin/assets/Resources/DashBoard.js
[TRACE] COPYING CREATED FILE: /Users/dperussina/Documents/Titanium Studio Workspace/TAGNET Mobile/Resources/db.js => /Users/dperussina/Documents/Titanium Studio Workspace/TAGNET Mobile/build/android/bin/assets/Resources/db.js
[TRACE] COPYING CREATED FILE: /Users/dperussina/Documents/Titanium Studio Workspace/TAGNET Mobile/Resources/Delete_Service.js => /Users/dperussina/Documents/Titanium Studio Workspace/TAGNET Mobile/build/android/bin/assets/Resources/Delete_Service.js
[TRACE] COPYING CREATED FILE: /Users/dperussina/Documents/Titanium Studio Workspace/TAGNET Mobile/Resources/Dialog.js => /Users/dperussina/Documents/Titanium Studio Workspace/TAGNET Mobile/build/android/bin/assets/Resources/Dialog.js
[TRACE] COPYING CREATED FILE: /Users/dperussina/Documents/Titanium Studio Workspace/TAGNET Mobile/Resources/DisplayOrders.js => /Users/dperussina/Documents/Titanium Studio Workspace/TAGNET Mobile/build/android/bin/assets/Resources/DisplayOrders.js
[TRACE] COPYING CREATED FILE: /Users/dperussina/Documents/Titanium Studio Workspace/TAGNET Mobile/Resources/Document.js => /Users/dperussina/Documents/Titanium Studio Workspace/TAGNET Mobile/build/android/bin/assets/Resources/Document.js
[TRACE] COPYING CREATED FILE: /Users/dperussina/Documents/Titanium Studio Workspace/TAGNET Mobile/Resources/ErrorHandler.js => /Users/dperussina/Documents/Titanium Studio Workspace/TAGNET Mobile/build/android/bin/assets/Resources/ErrorHandler.js
[TRACE] COPYING CREATED FILE: /Users/dperussina/Documents/Titanium Studio Workspace/TAGNET Mobile/Resources/FixJSTimestamp.js => /Users/dperussina/Documents/Titanium Studio Workspace/TAGNET Mobile/build/android/bin/assets/Resources/FixJSTimestamp.js
[TRACE] COPYING CREATED FILE: /Users/dperussina/Documents/Titanium Studio Workspace/TAGNET Mobile/Resources/GC.js => /Users/dperussina/Documents/Titanium Studio Workspace/TAGNET Mobile/build/android/bin/assets/Resources/GC.js
[TRACE] COPYING CREATED FILE: /Users/dperussina/Documents/Titanium Studio Workspace/TAGNET Mobile/Resources/GLOBALS.js => /Users/dperussina/Documents/Titanium Studio Workspace/TAGNET Mobile/build/android/bin/assets/Resources/GLOBALS.js
[TRACE] COPYING CREATED FILE: /Users/dperussina/Documents/Titanium Studio Workspace/TAGNET Mobile/Resources/hisorty_bg.jpg => /Users/dperussina/Documents/Titanium Studio Workspace/TAGNET Mobile/build/android/bin/assets/Resources/hisorty_bg.jpg
[TRACE] COPYING CREATED FILE: /Users/dperussina/Documents/Titanium Studio Workspace/TAGNET Mobile/Resources/HistoryWindow.js => /Users/dperussina/Documents/Titanium Studio Workspace/TAGNET Mobile/build/android/bin/assets/Resources/HistoryWindow.js
[TRACE] COPYING CREATED FILE: /Users/dperussina/Documents/Titanium Studio Workspace/TAGNET Mobile/Resources/img/3D-Design-Alt-128.png => /Users/dperussina/Documents/Titanium Studio Workspace/TAGNET Mobile/build/android/bin/assets/Resources/img/3D-Design-Alt-128.png
[TRACE] COPYING CREATED FILE: /Users/dperussina/Documents/Titanium Studio Workspace/TAGNET Mobile/Resources/img/3D-Design-Alt-128Selected.png => /Users/dperussina/Documents/Titanium Studio Workspace/TAGNET Mobile/build/android/bin/assets/Resources/img/3D-Design-Alt-128Selected.png
[TRACE] COPYING CREATED FILE: /Users/dperussina/Documents/Titanium Studio Workspace/TAGNET Mobile/Resources/img/3D-Design-Alt-256.png => /Users/dperussina/Documents/Titanium Studio Workspace/TAGNET Mobile/build/android/bin/assets/Resources/img/3D-Design-Alt-256.png
[TRACE] COPYING CREATED FILE: /Users/dperussina/Documents/Titanium Studio Workspace/TAGNET Mobile/Resources/img/3D-Design-Alt-256Selected.png => /Users/dperussina/Documents/Titanium Studio Workspace/TAGNET Mobile/build/android/bin/assets/Resources/img/3D-Design-Alt-256Selected.png
[TRACE] COPYING CREATED FILE: /Users/dperussina/Documents/Titanium Studio Workspace/TAGNET Mobile/Resources/img/3D-Design-Alt.png => /Users/dperussina/Documents/Titanium Studio Workspace/TAGNET Mobile/build/android/bin/assets/Resources/img/3D-Design-Alt.png
[TRACE] COPYING CREATED FILE: /Users/dperussina/Documents/Titanium Studio Workspace/TAGNET Mobile/Resources/img/Back-128.png => /Users/dperussina/Documents/Titanium Studio Workspace/TAGNET Mobile/build/android/bin/assets/Resources/img/Back-128.png
[TRACE] COPYING CREATED FILE: /Users/dperussina/Documents/Titanium Studio Workspace/TAGNET Mobile/Resources/img/Back-128Selected.png => /Users/dperussina/Documents/Titanium Studio Workspace/TAGNET Mobile/build/android/bin/assets/Resources/img/Back-128Selected.png
[TRACE] COPYING CREATED FILE: /Users/dperussina/Documents/Titanium Studio Workspace/TAGNET Mobile/Resources/img/Back-64.png => /Users/dperussina/Documents/Titanium Studio Workspace/TAGNET Mobile/build/android/bin/assets/Resources/img/Back-64.png
[TRACE] COPYING CREATED FILE: /Users/dperussina/Documents/Titanium Studio Workspace/TAGNET Mobile/Resources/img/Back-64Selected.png => /Users/dperussina/Documents/Titanium Studio Workspace/TAGNET Mobile/build/android/bin/assets/Resources/img/Back-64Selected.png
[TRACE] COPYING CREATED FILE: /Users/dperussina/Documents/Titanium Studio Workspace/TAGNET Mobile/Resources/img/bar-2.png => /Users/dperussina/Documents/Titanium Studio Workspace/TAGNET Mobile/build/android/bin/assets/Resources/img/bar-2.png
[TRACE] COPYING CREATED FILE: /Users/dperussina/Documents/Titanium Studio Workspace/TAGNET Mobile/Resources/img/bar-3.png => /Users/dperussina/Documents/Titanium Studio Workspace/TAGNET Mobile/build/android/bin/assets/Resources/img/bar-3.png
[TRACE] COPYING CREATED FILE: /Users/dperussina/Documents/Titanium Studio Workspace/TAGNET Mobile/Resources/img/Camera-128.png => /Users/dperussina/Documents/Titanium Studio Workspace/TAGNET Mobile/build/android/bin/assets/Resources/img/Camera-128.png
[TRACE] COPYING CREATED FILE: /Users/dperussina/Documents/Titanium Studio Workspace/TAGNET Mobile/Resources/img/Camera-128Selected.png => /Users/dperussina/Documents/Titanium Studio Workspace/TAGNET Mobile/build/android/bin/assets/Resources/img/Camera-128Selected.png
[TRACE] COPYING CREATED FILE: /Users/dperussina/Documents/Titanium Studio Workspace/TAGNET Mobile/Resources/img/Camera-64.png => /Users/dperussina/Documents/Titanium Studio Workspace/TAGNET Mobile/build/android/bin/assets/Resources/img/Camera-64.png
[TRACE] COPYING CREATED FILE: /Users/dperussina/Documents/Titanium Studio Workspace/TAGNET Mobile/Resources/img/Camera-64Selected.png => /Users/dperussina/Documents/Titanium Studio Workspace/TAGNET Mobile/build/android/bin/assets/Resources/img/Camera-64Selected.png
[TRACE] COPYING CREATED FILE: /Users/dperussina/Documents/Titanium Studio Workspace/TAGNET Mobile/Resources/img/Clock-128.png => /Users/dperussina/Documents/Titanium Studio Workspace/TAGNET Mobile/build/android/bin/assets/Resources/img/Clock-128.png
[TRACE] COPYING CREATED FILE: /Users/dperussina/Documents/Titanium Studio Workspace/TAGNET Mobile/Resources/img/Clock-128Selected.png => /Users/dperussina/Documents/Titanium Studio Workspace/TAGNET Mobile/build/android/bin/assets/Resources/img/Clock-128Selected.png
[TRACE] COPYING CREATED FILE: /Users/dperussina/Documents/Titanium Studio Workspace/TAGNET Mobile/Resources/img/Clock-256.png => /Users/dperussina/Documents/Titanium Studio Workspace/TAGNET Mobile/build/android/bin/assets/Resources/img/Clock-256.png
[TRACE] COPYING CREATED FILE: /Users/dperussina/Documents/Titanium Studio Workspace/TAGNET Mobile/Resources/img/Clock-256Selected.png => /Users/dperussina/Documents/Titanium Studio Workspace/TAGNET Mobile/build/android/bin/assets/Resources/img/Clock-256Selected.png
[TRACE] COPYING CREATED FILE: /Users/dperussina/Documents/Titanium Studio Workspace/TAGNET Mobile/Resources/img/Clock.png => /Users/dperussina/Documents/Titanium Studio Workspace/TAGNET Mobile/build/android/bin/assets/Resources/img/Clock.png
[TRACE] COPYING CREATED FILE: /Users/dperussina/Documents/Titanium Studio Workspace/TAGNET Mobile/Resources/img/Contact-128.png => /Users/dperussina/Documents/Titanium Studio Workspace/TAGNET Mobile/build/android/bin/assets/Resources/img/Contact-128.png
[TRACE] COPYING CREATED FILE: /Users/dperussina/Documents/Titanium Studio Workspace/TAGNET Mobile/Resources/img/Contact-128Selected.png => /Users/dperussina/Documents/Titanium Studio Workspace/TAGNET Mobile/build/android/bin/assets/Resources/img/Contact-128Selected.png
[TRACE] COPYING CREATED FILE: /Users/dperussina/Documents/Titanium Studio Workspace/TAGNET Mobile/Resources/img/Contact-256.png => /Users/dperussina/Documents/Titanium Studio Workspace/TAGNET Mobile/build/android/bin/assets/Resources/img/Contact-256.png
[TRACE] COPYING CREATED FILE: /Users/dperussina/Documents/Titanium Studio Workspace/TAGNET Mobile/Resources/img/Contact-256Selected.png => /Users/dperussina/Documents/Titanium Studio Workspace/TAGNET Mobile/build/android/bin/assets/Resources/img/Contact-256Selected.png
[TRACE] COPYING CREATED FILE: /Users/dperussina/Documents/Titanium Studio Workspace/TAGNET Mobile/Resources/img/Contact-64.png => /Users/dperussina/Documents/Titanium Studio Workspace/TAGNET Mobile/build/android/bin/assets/Resources/img/Contact-64.png
[TRACE] COPYING CREATED FILE: /Users/dperussina/Documents/Titanium Studio Workspace/TAGNET Mobile/Resources/img/Contact-64Selected.png => /Users/dperussina/Documents/Titanium Studio Workspace/TAGNET Mobile/build/android/bin/assets/Resources/img/Contact-64Selected.png
[TRACE] COPYING CREATED FILE: /Users/dperussina/Documents/Titanium Studio Workspace/TAGNET Mobile/Resources/img/Downarrow-128.png => /Users/dperussina/Documents/Titanium Studio Workspace/TAGNET Mobile/build/android/bin/assets/Resources/img/Downarrow-128.png
[TRACE] COPYING CREATED FILE: /Users/dperussina/Documents/Titanium Studio Workspace/TAGNET Mobile/Resources/img/E-Mail-128.png => /Users/dperussina/Documents/Titanium Studio Workspace/TAGNET Mobile/build/android/bin/assets/Resources/img/E-Mail-128.png
[TRACE] COPYING CREATED FILE: /Users/dperussina/Documents/Titanium Studio Workspace/TAGNET Mobile/Resources/img/E-Mail-128Selected.png => /Users/dperussina/Documents/Titanium Studio Workspace/TAGNET Mobile/build/android/bin/assets/Resources/img/E-Mail-128Selected.png
[TRACE] COPYING CREATED FILE: /Users/dperussina/Documents/Titanium Studio Workspace/TAGNET Mobile/Resources/img/E-Mail-256.png => /Users/dperussina/Documents/Titanium Studio Workspace/TAGNET Mobile/build/android/bin/assets/Resources/img/E-Mail-256.png
[TRACE] COPYING CREATED FILE: /Users/dperussina/Documents/Titanium Studio Workspace/TAGNET Mobile/Resources/img/E-Mail-256Selected.png => /Users/dperussina/Documents/Titanium Studio Workspace/TAGNET Mobile/build/android/bin/assets/Resources/img/E-Mail-256Selected.png
[TRACE] COPYING CREATED FILE: /Users/dperussina/Documents/Titanium Studio Workspace/TAGNET Mobile/Resources/img/Help-32.png => /Users/dperussina/Documents/Titanium Studio Workspace/TAGNET Mobile/build/android/bin/assets/Resources/img/Help-32.png
[TRACE] COPYING CREATED FILE: /Users/dperussina/Documents/Titanium Studio Workspace/TAGNET Mobile/Resources/img/Help-48.png => /Users/dperussina/Documents/Titanium Studio Workspace/TAGNET Mobile/build/android/bin/assets/Resources/img/Help-48.png
[TRACE] COPYING CREATED FILE: /Users/dperussina/Documents/Titanium Studio Workspace/TAGNET Mobile/Resources/img/Help-64.png => /Users/dperussina/Documents/Titanium Studio Workspace/TAGNET Mobile/build/android/bin/assets/Resources/img/Help-64.png
[TRACE] COPYING CREATED FILE: /Users/dperussina/Documents/Titanium Studio Workspace/TAGNET Mobile/Resources/img/IM-128.png => /Users/dperussina/Documents/Titanium Studio Workspace/TAGNET Mobile/build/android/bin/assets/Resources/img/IM-128.png
[TRACE] COPYING CREATED FILE: /Users/dperussina/Documents/Titanium Studio Workspace/TAGNET Mobile/Resources/img/IM-128Selected.png => /Users/dperussina/Documents/Titanium Studio Workspace/TAGNET Mobile/build/android/bin/assets/Resources/img/IM-128Selected.png
[TRACE] COPYING CREATED FILE: /Users/dperussina/Documents/Titanium Studio Workspace/TAGNET Mobile/Resources/img/IM-256.png => /Users/dperussina/Documents/Titanium Studio Workspace/TAGNET Mobile/build/android/bin/assets/Resources/img/IM-256.png
[TRACE] COPYING CREATED FILE: /Users/dperussina/Documents/Titanium Studio Workspace/TAGNET Mobile/Resources/img/IM-256Selected.png => /Users/dperussina/Documents/Titanium Studio Workspace/TAGNET Mobile/build/android/bin/assets/Resources/img/IM-256Selected.png
[TRACE] COPYING CREATED FILE: /Users/dperussina/Documents/Titanium Studio Workspace/TAGNET Mobile/Resources/img/IM.png => /Users/dperussina/Documents/Titanium Studio Workspace/TAGNET Mobile/build/android/bin/assets/Resources/img/IM.png
[TRACE] COPYING CREATED FILE: /Users/dperussina/Documents/Titanium Studio Workspace/TAGNET Mobile/Resources/img/Message-128.png => /Users/dperussina/Documents/Titanium Studio Workspace/TAGNET Mobile/build/android/bin/assets/Resources/img/Message-128.png
[TRACE] COPYING CREATED FILE: /Users/dperussina/Documents/Titanium Studio Workspace/TAGNET Mobile/Resources/img/More-128.png => /Users/dperussina/Documents/Titanium Studio Workspace/TAGNET Mobile/build/android/bin/assets/Resources/img/More-128.png
[TRACE] COPYING CREATED FILE: /Users/dperussina/Documents/Titanium Studio Workspace/TAGNET Mobile/Resources/img/More-128Selected.png => /Users/dperussina/Documents/Titanium Studio Workspace/TAGNET Mobile/build/android/bin/assets/Resources/img/More-128Selected.png
[TRACE] COPYING CREATED FILE: /Users/dperussina/Documents/Titanium Studio Workspace/TAGNET Mobile/Resources/img/More-64.png => /Users/dperussina/Documents/Titanium Studio Workspace/TAGNET Mobile/build/android/bin/assets/Resources/img/More-64.png
[TRACE] COPYING CREATED FILE: /Users/dperussina/Documents/Titanium Studio Workspace/TAGNET Mobile/Resources/img/More-64Selected.png => /Users/dperussina/Documents/Titanium Studio Workspace/TAGNET Mobile/build/android/bin/assets/Resources/img/More-64Selected.png
[TRACE] COPYING CREATED FILE: /Users/dperussina/Documents/Titanium Studio Workspace/TAGNET Mobile/Resources/img/Red-badge-32.png => /Users/dperussina/Documents/Titanium Studio Workspace/TAGNET Mobile/build/android/bin/assets/Resources/img/Red-badge-32.png
[TRACE] COPYING CREATED FILE: /Users/dperussina/Documents/Titanium Studio Workspace/TAGNET Mobile/Resources/img/Scanner-128.png => /Users/dperussina/Documents/Titanium Studio Workspace/TAGNET Mobile/build/android/bin/assets/Resources/img/Scanner-128.png
[TRACE] COPYING CREATED FILE: /Users/dperussina/Documents/Titanium Studio Workspace/TAGNET Mobile/Resources/img/Scanner-128Selected.png => /Users/dperussina/Documents/Titanium Studio Workspace/TAGNET Mobile/build/android/bin/assets/Resources/img/Scanner-128Selected.png
[TRACE] COPYING CREATED FILE: /Users/dperussina/Documents/Titanium Studio Workspace/TAGNET Mobile/Resources/img/Scanner-256.png => /Users/dperussina/Documents/Titanium Studio Workspace/TAGNET Mobile/build/android/bin/assets/Resources/img/Scanner-256.png
[TRACE] COPYING CREATED FILE: /Users/dperussina/Documents/Titanium Studio Workspace/TAGNET Mobile/Resources/img/Scanner-256Selected.png => /Users/dperussina/Documents/Titanium Studio Workspace/TAGNET Mobile/build/android/bin/assets/Resources/img/Scanner-256Selected.png
[TRACE] COPYING CREATED FILE: /Users/dperussina/Documents/Titanium Studio Workspace/TAGNET Mobile/Resources/img/Scanner.png => /Users/dperussina/Documents/Titanium Studio Workspace/TAGNET Mobile/build/android/bin/assets/Resources/img/Scanner.png
[TRACE] COPYING CREATED FILE: /Users/dperussina/Documents/Titanium Studio Workspace/TAGNET Mobile/Resources/img/square.png => /Users/dperussina/Documents/Titanium Studio Workspace/TAGNET Mobile/build/android/bin/assets/Resources/img/square.png
[TRACE] COPYING CREATED FILE: /Users/dperussina/Documents/Titanium Studio Workspace/TAGNET Mobile/Resources/img/Sync-128.png => /Users/dperussina/Documents/Titanium Studio Workspace/TAGNET Mobile/build/android/bin/assets/Resources/img/Sync-128.png
[TRACE] COPYING CREATED FILE: /Users/dperussina/Documents/Titanium Studio Workspace/TAGNET Mobile/Resources/img/Sync-128Selected.png => /Users/dperussina/Documents/Titanium Studio Workspace/TAGNET Mobile/build/android/bin/assets/Resources/img/Sync-128Selected.png
[TRACE] COPYING CREATED FILE: /Users/dperussina/Documents/Titanium Studio Workspace/TAGNET Mobile/Resources/img/Sync-48.png => /Users/dperussina/Documents/Titanium Studio Workspace/TAGNET Mobile/build/android/bin/assets/Resources/img/Sync-48.png
[TRACE] COPYING CREATED FILE: /Users/dperussina/Documents/Titanium Studio Workspace/TAGNET Mobile/Resources/img/Sync-48Selected.png => /Users/dperussina/Documents/Titanium Studio Workspace/TAGNET Mobile/build/android/bin/assets/Resources/img/Sync-48Selected.png
[TRACE] COPYING CREATED FILE: /Users/dperussina/Documents/Titanium Studio Workspace/TAGNET Mobile/Resources/img/tab-bar.png => /Users/dperussina/Documents/Titanium Studio Workspace/TAGNET Mobile/build/android/bin/assets/Resources/img/tab-bar.png
[TRACE] COPYING CREATED FILE: /Users/dperussina/Documents/Titanium Studio Workspace/TAGNET Mobile/Resources/img/TAGnet-Mobile.png => /Users/dperussina/Documents/Titanium Studio Workspace/TAGNET Mobile/build/android/bin/assets/Resources/img/TAGnet-Mobile.png
[TRACE] COPYING CREATED FILE: /Users/dperussina/Documents/Titanium Studio Workspace/TAGNET Mobile/Resources/img/Track-128.png => /Users/dperussina/Documents/Titanium Studio Workspace/TAGNET Mobile/build/android/bin/assets/Resources/img/Track-128.png
[TRACE] COPYING CREATED FILE: /Users/dperussina/Documents/Titanium Studio Workspace/TAGNET Mobile/Resources/img/Track-48.png => /Users/dperussina/Documents/Titanium Studio Workspace/TAGNET Mobile/build/android/bin/assets/Resources/img/Track-48.png
[TRACE] COPYING CREATED FILE: /Users/dperussina/Documents/Titanium Studio Workspace/TAGNET Mobile/Resources/img/Uparrow-128.png => /Users/dperussina/Documents/Titanium Studio Workspace/TAGNET Mobile/build/android/bin/assets/Resources/img/Uparrow-128.png
[TRACE] COPYING CREATED FILE: /Users/dperussina/Documents/Titanium Studio Workspace/TAGNET Mobile/Resources/img/Update-128.png => /Users/dperussina/Documents/Titanium Studio Workspace/TAGNET Mobile/build/android/bin/assets/Resources/img/Update-128.png
[TRACE] COPYING CREATED FILE: /Users/dperussina/Documents/Titanium Studio Workspace/TAGNET Mobile/Resources/img/Update-128Selected.png => /Users/dperussina/Documents/Titanium Studio Workspace/TAGNET Mobile/build/android/bin/assets/Resources/img/Update-128Selected.png
[TRACE] COPYING CREATED FILE: /Users/dperussina/Documents/Titanium Studio Workspace/TAGNET Mobile/Resources/img/Update-64.png => /Users/dperussina/Documents/Titanium Studio Workspace/TAGNET Mobile/build/android/bin/assets/Resources/img/Update-64.png
[TRACE] COPYING CREATED FILE: /Users/dperussina/Documents/Titanium Studio Workspace/TAGNET Mobile/Resources/img/Update-64Selected.png => /Users/dperussina/Documents/Titanium Studio Workspace/TAGNET Mobile/build/android/bin/assets/Resources/img/Update-64Selected.png
[TRACE] COPYING CREATED FILE: /Users/dperussina/Documents/Titanium Studio Workspace/TAGNET Mobile/Resources/img/Wrench-128.png => /Users/dperussina/Documents/Titanium Studio Workspace/TAGNET Mobile/build/android/bin/assets/Resources/img/Wrench-128.png
[TRACE] COPYING CREATED FILE: /Users/dperussina/Documents/Titanium Studio Workspace/TAGNET Mobile/Resources/img/Wrench-128Selected.png => /Users/dperussina/Documents/Titanium Studio Workspace/TAGNET Mobile/build/android/bin/assets/Resources/img/Wrench-128Selected.png
[TRACE] COPYING CREATED FILE: /Users/dperussina/Documents/Titanium Studio Workspace/TAGNET Mobile/Resources/img/Wrench-48.png => /Users/dperussina/Documents/Titanium Studio Workspace/TAGNET Mobile/build/android/bin/assets/Resources/img/Wrench-48.png
[TRACE] COPYING CREATED FILE: /Users/dperussina/Documents/Titanium Studio Workspace/TAGNET Mobile/Resources/img/Wrench-48Selected.png => /Users/dperussina/Documents/Titanium Studio Workspace/TAGNET Mobile/build/android/bin/assets/Resources/img/Wrench-48Selected.png
[TRACE] COPYING CREATED FILE: /Users/dperussina/Documents/Titanium Studio Workspace/TAGNET Mobile/Resources/img/Wrench.png => /Users/dperussina/Documents/Titanium Studio Workspace/TAGNET Mobile/build/android/bin/assets/Resources/img/Wrench.png
[TRACE] COPYING CREATED FILE: /Users/dperussina/Documents/Titanium Studio Workspace/TAGNET Mobile/Resources/InBox.js => /Users/dperussina/Documents/Titanium Studio Workspace/TAGNET Mobile/build/android/bin/assets/Resources/InBox.js
[TRACE] COPYING CREATED FILE: /Users/dperussina/Documents/Titanium Studio Workspace/TAGNET Mobile/Resources/inbox_bg.jpg => /Users/dperussina/Documents/Titanium Studio Workspace/TAGNET Mobile/build/android/bin/assets/Resources/inbox_bg.jpg
[TRACE] COPYING CREATED FILE: /Users/dperussina/Documents/Titanium Studio Workspace/TAGNET Mobile/Resources/InitDb.js => /Users/dperussina/Documents/Titanium Studio Workspace/TAGNET Mobile/build/android/bin/assets/Resources/InitDb.js
[TRACE] COPYING CREATED FILE: /Users/dperussina/Documents/Titanium Studio Workspace/TAGNET Mobile/Resources/KS_nav_ui.png => /Users/dperussina/Documents/Titanium Studio Workspace/TAGNET Mobile/build/android/bin/assets/Resources/KS_nav_ui.png
[TRACE] COPYING CREATED FILE: /Users/dperussina/Documents/Titanium Studio Workspace/TAGNET Mobile/Resources/KS_nav_views.png => /Users/dperussina/Documents/Titanium Studio Workspace/TAGNET Mobile/build/android/bin/assets/Resources/KS_nav_views.png
[TRACE] COPYING CREATED FILE: /Users/dperussina/Documents/Titanium Studio Workspace/TAGNET Mobile/Resources/Location.js => /Users/dperussina/Documents/Titanium Studio Workspace/TAGNET Mobile/build/android/bin/assets/Resources/Location.js
[TRACE] COPYING CREATED FILE: /Users/dperussina/Documents/Titanium Studio Workspace/TAGNET Mobile/Resources/LoginWindow.js => /Users/dperussina/Documents/Titanium Studio Workspace/TAGNET Mobile/build/android/bin/assets/Resources/LoginWindow.js
[TRACE] COPYING CREATED FILE: /Users/dperussina/Documents/Titanium Studio Workspace/TAGNET Mobile/Resources/money_background_1280_960.jpeg => /Users/dperussina/Documents/Titanium Studio Workspace/TAGNET Mobile/build/android/bin/assets/Resources/money_background_1280_960.jpeg
[TRACE] COPYING CREATED FILE: /Users/dperussina/Documents/Titanium Studio Workspace/TAGNET Mobile/Resources/Network.js => /Users/dperussina/Documents/Titanium Studio Workspace/TAGNET Mobile/build/android/bin/assets/Resources/Network.js
[TRACE] COPYING CREATED FILE: /Users/dperussina/Documents/Titanium Studio Workspace/TAGNET Mobile/Resources/nightroad.jpg => /Users/dperussina/Documents/Titanium Studio Workspace/TAGNET Mobile/build/android/bin/assets/Resources/nightroad.jpg
[TRACE] COPYING CREATED FILE: /Users/dperussina/Documents/Titanium Studio Workspace/TAGNET Mobile/Resources/Notification.js => /Users/dperussina/Documents/Titanium Studio Workspace/TAGNET Mobile/build/android/bin/assets/Resources/Notification.js
[TRACE] COPYING CREATED FILE: /Users/dperussina/Documents/Titanium Studio Workspace/TAGNET Mobile/Resources/open_bg.jpg => /Users/dperussina/Documents/Titanium Studio Workspace/TAGNET Mobile/build/android/bin/assets/Resources/open_bg.jpg
[TRACE] COPYING CREATED FILE: /Users/dperussina/Documents/Titanium Studio Workspace/TAGNET Mobile/Resources/OpenCamera.js => /Users/dperussina/Documents/Titanium Studio Workspace/TAGNET Mobile/build/android/bin/assets/Resources/OpenCamera.js
[TRACE] COPYING CREATED FILE: /Users/dperussina/Documents/Titanium Studio Workspace/TAGNET Mobile/Resources/optionsWindow.js => /Users/dperussina/Documents/Titanium Studio Workspace/TAGNET Mobile/build/android/bin/assets/Resources/optionsWindow.js
[TRACE] COPYING CREATED FILE: /Users/dperussina/Documents/Titanium Studio Workspace/TAGNET Mobile/Resources/POD.js => /Users/dperussina/Documents/Titanium Studio Workspace/TAGNET Mobile/build/android/bin/assets/Resources/POD.js
[TRACE] COPYING CREATED FILE: /Users/dperussina/Documents/Titanium Studio Workspace/TAGNET Mobile/Resources/pod_bg.jpg => /Users/dperussina/Documents/Titanium Studio Workspace/TAGNET Mobile/build/android/bin/assets/Resources/pod_bg.jpg
[TRACE] COPYING CREATED FILE: /Users/dperussina/Documents/Titanium Studio Workspace/TAGNET Mobile/Resources/PostToAuditService.js => /Users/dperussina/Documents/Titanium Studio Workspace/TAGNET Mobile/build/android/bin/assets/Resources/PostToAuditService.js
[TRACE] COPYING CREATED FILE: /Users/dperussina/Documents/Titanium Studio Workspace/TAGNET Mobile/Resources/road_sky_1280_800.jpeg => /Users/dperussina/Documents/Titanium Studio Workspace/TAGNET Mobile/build/android/bin/assets/Resources/road_sky_1280_800.jpeg
[TRACE] COPYING CREATED FILE: /Users/dperussina/Documents/Titanium Studio Workspace/TAGNET Mobile/Resources/Search.js => /Users/dperussina/Documents/Titanium Studio Workspace/TAGNET Mobile/build/android/bin/assets/Resources/Search.js
[TRACE] COPYING CREATED FILE: /Users/dperussina/Documents/Titanium Studio Workspace/TAGNET Mobile/Resources/SignatureCapture_2.js => /Users/dperussina/Documents/Titanium Studio Workspace/TAGNET Mobile/build/android/bin/assets/Resources/SignatureCapture_2.js
[TRACE] COPYING CREATED FILE: /Users/dperussina/Documents/Titanium Studio Workspace/TAGNET Mobile/Resources/SlimGlobals.js => /Users/dperussina/Documents/Titanium Studio Workspace/TAGNET Mobile/build/android/bin/assets/Resources/SlimGlobals.js
[TRACE] COPYING CREATED FILE: /Users/dperussina/Documents/Titanium Studio Workspace/TAGNET Mobile/Resources/StartService.js => /Users/dperussina/Documents/Titanium Studio Workspace/TAGNET Mobile/build/android/bin/assets/Resources/StartService.js
[TRACE] COPYING CREATED FILE: /Users/dperussina/Documents/Titanium Studio Workspace/TAGNET Mobile/Resources/StopService.js => /Users/dperussina/Documents/Titanium Studio Workspace/TAGNET Mobile/build/android/bin/assets/Resources/StopService.js
[TRACE] COPYING CREATED FILE: /Users/dperussina/Documents/Titanium Studio Workspace/TAGNET Mobile/Resources/Sync.js => /Users/dperussina/Documents/Titanium Studio Workspace/TAGNET Mobile/build/android/bin/assets/Resources/Sync.js
[TRACE] COPYING CREATED FILE: /Users/dperussina/Documents/Titanium Studio Workspace/TAGNET Mobile/Resources/TabledWindow.js => /Users/dperussina/Documents/Titanium Studio Workspace/TAGNET Mobile/build/android/bin/assets/Resources/TabledWindow.js
[TRACE] COPYING CREATED FILE: /Users/dperussina/Documents/Titanium Studio Workspace/TAGNET Mobile/Resources/UpdateJob_2.js => /Users/dperussina/Documents/Titanium Studio Workspace/TAGNET Mobile/build/android/bin/assets/Resources/UpdateJob_2.js
[TRACE] Generating Java Classes
[DEBUG] Processing Android resource drawables
[DEBUG] app stylesheet => /Users/dperussina/Documents/Titanium Studio Workspace/TAGNET Mobile/build/android/gen/com/tagnet_mobile/agentgrid/ApplicationStylesheet.java
[DEBUG] copying app icon: /Users/dperussina/Documents/Titanium Studio Workspace/TAGNET Mobile/build/android/bin/assets/Resources/appicon.png
[DEBUG] generating theme.xml
[DEBUG] found drawable-long-land-hdpi splash screen at /Users/dperussina/Documents/Titanium Studio Workspace/TAGNET Mobile/Resources/android/images/res-long-land-hdpi/default.png
[DEBUG] copying /Users/dperussina/Documents/Titanium Studio Workspace/TAGNET Mobile/Resources/android/images/res-long-land-hdpi/default.png splash screen to /Users/dperussina/Documents/Titanium Studio Workspace/TAGNET Mobile/build/android/res/drawable-long-land-hdpi/background.png
[DEBUG] found drawable-long-land-ldpi splash screen at /Users/dperussina/Documents/Titanium Studio Workspace/TAGNET Mobile/Resources/android/images/res-long-land-ldpi/default.png
[DEBUG] copying /Users/dperussina/Documents/Titanium Studio Workspace/TAGNET Mobile/Resources/android/images/res-long-land-ldpi/default.png splash screen to /Users/dperussina/Documents/Titanium Studio Workspace/TAGNET Mobile/build/android/res/drawable-long-land-ldpi/background.png
[DEBUG] found drawable-long-port-hdpi splash screen at /Users/dperussina/Documents/Titanium Studio Workspace/TAGNET Mobile/Resources/android/images/res-long-port-hdpi/default.png
[DEBUG] copying /Users/dperussina/Documents/Titanium Studio Workspace/TAGNET Mobile/Resources/android/images/res-long-port-hdpi/default.png splash screen to /Users/dperussina/Documents/Titanium Studio Workspace/TAGNET Mobile/build/android/res/drawable-long-port-hdpi/background.png
[DEBUG] found drawable-long-port-ldpi splash screen at /Users/dperussina/Documents/Titanium Studio Workspace/TAGNET Mobile/Resources/android/images/res-long-port-ldpi/default.png
[DEBUG] copying /Users/dperussina/Documents/Titanium Studio Workspace/TAGNET Mobile/Resources/android/images/res-long-port-ldpi/default.png splash screen to /Users/dperussina/Documents/Titanium Studio Workspace/TAGNET Mobile/build/android/res/drawable-long-port-ldpi/background.png
[DEBUG] found drawable-notlong-land-hdpi splash screen at /Users/dperussina/Documents/Titanium Studio Workspace/TAGNET Mobile/Resources/android/images/res-notlong-land-hdpi/default.png
[DEBUG] copying /Users/dperussina/Documents/Titanium Studio Workspace/TAGNET Mobile/Resources/android/images/res-notlong-land-hdpi/default.png splash screen to /Users/dperussina/Documents/Titanium Studio Workspace/TAGNET Mobile/build/android/res/drawable-notlong-land-hdpi/background.png
[DEBUG] found drawable-notlong-land-ldpi splash screen at /Users/dperussina/Documents/Titanium Studio Workspace/TAGNET Mobile/Resources/android/images/res-notlong-land-ldpi/default.png
[DEBUG] copying /Users/dperussina/Documents/Titanium Studio Workspace/TAGNET Mobile/Resources/android/images/res-notlong-land-ldpi/default.png splash screen to /Users/dperussina/Documents/Titanium Studio Workspace/TAGNET Mobile/build/android/res/drawable-notlong-land-ldpi/background.png
[DEBUG] found drawable-notlong-land-mdpi splash screen at /Users/dperussina/Documents/Titanium Studio Workspace/TAGNET Mobile/Resources/android/images/res-notlong-land-mdpi/default.png
[DEBUG] copying /Users/dperussina/Documents/Titanium Studio Workspace/TAGNET Mobile/Resources/android/images/res-notlong-land-mdpi/default.png splash screen to /Users/dperussina/Documents/Titanium Studio Workspace/TAGNET Mobile/build/android/res/drawable-notlong-land-mdpi/background.png
[DEBUG] found drawable-notlong-port-hdpi splash screen at /Users/dperussina/Documents/Titanium Studio Workspace/TAGNET Mobile/Resources/android/images/res-notlong-port-hdpi/default.png
[DEBUG] copying /Users/dperussina/Documents/Titanium Studio Workspace/TAGNET Mobile/Resources/android/images/res-notlong-port-hdpi/default.png splash screen to /Users/dperussina/Documents/Titanium Studio Workspace/TAGNET Mobile/build/android/res/drawable-notlong-port-hdpi/background.png
[DEBUG] found drawable-notlong-port-ldpi splash screen at /Users/dperussina/Documents/Titanium Studio Workspace/TAGNET Mobile/Resources/android/images/res-notlong-port-ldpi/default.png
[DEBUG] copying /Users/dperussina/Documents/Titanium Studio Workspace/TAGNET Mobile/Resources/android/images/res-notlong-port-ldpi/default.png splash screen to /Users/dperussina/Documents/Titanium Studio Workspace/TAGNET Mobile/build/android/res/drawable-notlong-port-ldpi/background.png
[DEBUG] found drawable-notlong-port-mdpi splash screen at /Users/dperussina/Documents/Titanium Studio Workspace/TAGNET Mobile/Resources/android/images/res-notlong-port-mdpi/default.png
[DEBUG] copying /Users/dperussina/Documents/Titanium Studio Workspace/TAGNET Mobile/Resources/android/images/res-notlong-port-mdpi/default.png splash screen to /Users/dperussina/Documents/Titanium Studio Workspace/TAGNET Mobile/build/android/res/drawable-notlong-port-mdpi/background.png
[DEBUG] found splash screen at /Users/dperussina/Documents/Titanium Studio Workspace/TAGNET Mobile/build/android/bin/assets/Resources/default.png
[TRACE] Writing out AndroidManifest.xml
[DEBUG] adding /Users/dperussina/Documents/Titanium Studio Workspace/TAGNET Mobile/build/android/gen/com/tagnet_mobile/agentgrid/AppActivity.java to javac build list
[DEBUG] adding /Users/dperussina/Documents/Titanium Studio Workspace/TAGNET Mobile/build/android/gen/com/tagnet_mobile/agentgrid/ApplicationStylesheet.java to javac build list
[DEBUG] adding /Users/dperussina/Documents/Titanium Studio Workspace/TAGNET Mobile/build/android/gen/com/tagnet_mobile/agentgrid/PODService.java to javac build list
[DEBUG] adding /Users/dperussina/Documents/Titanium Studio Workspace/TAGNET Mobile/build/android/gen/com/tagnet_mobile/agentgrid/R.java to javac build list
[DEBUG] adding /Users/dperussina/Documents/Titanium Studio Workspace/TAGNET Mobile/build/android/gen/com/tagnet_mobile/agentgrid/TagnetMobileActivity.java to javac build list
[DEBUG] adding /Users/dperussina/Documents/Titanium Studio Workspace/TAGNET Mobile/build/android/gen/com/tagnet_mobile/agentgrid/TagnetMobileAppInfo.java to javac build list
[DEBUG] adding /Users/dperussina/Documents/Titanium Studio Workspace/TAGNET Mobile/build/android/gen/com/tagnet_mobile/agentgrid/TagnetMobileApplication.java to javac build list
[DEBUG] Building Java Sources: "/Users/dperussina/Documents/Titanium Studio Workspace/TAGNET Mobile/build/android/gen/com/tagnet_mobile/agentgrid/AppActivity.java" "/Users/dperussina/Documents/Titanium Studio Workspace/TAGNET Mobile/build/android/gen/com/tagnet_mobile/agentgrid/ApplicationStylesheet.java" "/Users/dperussina/Documents/Titanium Studio Workspace/TAGNET Mobile/build/android/gen/com/tagnet_mobile/agentgrid/PODService.java" "/Users/dperussina/Documents/Titanium Studio Workspace/TAGNET Mobile/build/android/gen/com/tagnet_mobile/agentgrid/R.java" "/Users/dperussina/Documents/Titanium Studio Workspace/TAGNET Mobile/build/android/gen/com/tagnet_mobile/agentgrid/TagnetMobileActivity.java" "/Users/dperussina/Documents/Titanium Studio Workspace/TAGNET Mobile/build/android/gen/com/tagnet_mobile/agentgrid/TagnetMobileAppInfo.java" "/Users/dperussina/Documents/Titanium Studio Workspace/TAGNET Mobile/build/android/gen/com/tagnet_mobile/agentgrid/TagnetMobileApplication.java"
[INFO] Compiling Android Resources... This could take some time
[DEBUG] Android classes.dex built
[DEBUG] creating unsigned apk: /Users/dperussina/Documents/Titanium Studio Workspace/TAGNET Mobile/build/android/bin/app-unsigned.apk
[DEBUG] from resource zip => assets/Resources/img/3D-Design-Alt-128.png
[DEBUG] from resource zip => assets/Resources/img/3D-Design-Alt-128Selected.png
[DEBUG] from resource zip => assets/Resources/img/3D-Design-Alt-256.png
[DEBUG] from resource zip => assets/Resources/img/3D-Design-Alt-256Selected.png
[DEBUG] from resource zip => assets/Resources/img/3D-Design-Alt.png
[DEBUG] from resource zip => assets/Resources/img/Back-128.png
[DEBUG] from resource zip => assets/Resources/img/Back-128Selected.png
[DEBUG] from resource zip => assets/Resources/img/Back-64.png
[DEBUG] from resource zip => assets/Resources/img/Back-64Selected.png
[DEBUG] from resource zip => assets/Resources/img/Camera-128.png
[DEBUG] from resource zip => assets/Resources/img/Camera-128Selected.png
[DEBUG] from resource zip => assets/Resources/img/Camera-64.png
[DEBUG] from resource zip => assets/Resources/img/Camera-64Selected.png
[DEBUG] from resource zip => assets/Resources/img/Clock-128.png
[DEBUG] from resource zip => assets/Resources/img/Clock-128Selected.png
[DEBUG] from resource zip => assets/Resources/img/Clock-256.png
[DEBUG] from resource zip => assets/Resources/img/Clock-256Selected.png
[DEBUG] from resource zip => assets/Resources/img/Clock.png
[DEBUG] from resource zip => assets/Resources/img/Contact-128.png
[DEBUG] from resource zip => assets/Resources/img/Contact-128Selected.png
[DEBUG] from resource zip => assets/Resources/img/Contact-256.png
[DEBUG] from resource zip => assets/Resources/img/Contact-256Selected.png
[DEBUG] from resource zip => assets/Resources/img/Contact-64.png
[DEBUG] from resource zip => assets/Resources/img/Contact-64Selected.png
[DEBUG] from resource zip => assets/Resources/img/Downarrow-128.png
[DEBUG] from resource zip => assets/Resources/img/E-Mail-128.png
[DEBUG] from resource zip => assets/Resources/img/E-Mail-128Selected.png
[DEBUG] from resource zip => assets/Resources/img/E-Mail-256.png
[DEBUG] from resource zip => assets/Resources/img/E-Mail-256Selected.png
[DEBUG] from resource zip => assets/Resources/img/Help-32.png
[DEBUG] from resource zip => assets/Resources/img/Help-48.png
[DEBUG] from resource zip => assets/Resources/img/Help-64.png
[DEBUG] from resource zip => assets/Resources/img/IM-128.png
[DEBUG] from resource zip => assets/Resources/img/IM-128Selected.png
[DEBUG] from resource zip => assets/Resources/img/IM-256.png
[DEBUG] from resource zip => assets/Resources/img/IM-256Selected.png
[DEBUG] from resource zip => assets/Resources/img/IM.png
[DEBUG] from resource zip => assets/Resources/img/Message-128.png
[DEBUG] from resource zip => assets/Resources/img/More-128.png
[DEBUG] from resource zip => assets/Resources/img/More-128Selected.png
[DEBUG] from resource zip => assets/Resources/img/More-64.png
[DEBUG] from resource zip => assets/Resources/img/More-64Selected.png
[DEBUG] from resource zip => assets/Resources/img/Red-badge-32.png
[DEBUG] from resource zip => assets/Resources/img/Scanner-128.png
[DEBUG] from resource zip => assets/Resources/img/Scanner-128Selected.png
[DEBUG] from resource zip => assets/Resources/img/Scanner-256.png
[DEBUG] from resource zip => assets/Resources/img/Scanner-256Selected.png
[DEBUG] from resource zip => assets/Resources/img/Scanner.png
[DEBUG] from resource zip => assets/Resources/img/Sync-128.png
[DEBUG] from resource zip => assets/Resources/img/Sync-128Selected.png
[DEBUG] from resource zip => assets/Resources/img/Sync-48.png
[DEBUG] from resource zip => assets/Resources/img/Sync-48Selected.png
[DEBUG] from resource zip => assets/Resources/img/TAGnet-Mobile.png
[DEBUG] from resource zip => assets/Resources/img/Track-128.png
[DEBUG] from resource zip => assets/Resources/img/Track-48.png
[DEBUG] from resource zip => assets/Resources/img/Uparrow-128.png
[DEBUG] from resource zip => assets/Resources/img/Update-128.png
[DEBUG] from resource zip => assets/Resources/img/Update-128Selected.png
[DEBUG] from resource zip => assets/Resources/img/Update-64.png
[DEBUG] from resource zip => assets/Resources/img/Update-64Selected.png
[DEBUG] from resource zip => assets/Resources/img/Wrench-128.png
[DEBUG] from resource zip => assets/Resources/img/Wrench-128Selected.png
[DEBUG] from resource zip => assets/Resources/img/Wrench-48.png
[DEBUG] from resource zip => assets/Resources/img/Wrench-48Selected.png
[DEBUG] from resource zip => assets/Resources/img/Wrench.png
[DEBUG] from resource zip => assets/Resources/img/bar-2.png
[DEBUG] from resource zip => assets/Resources/img/bar-3.png
[DEBUG] from resource zip => assets/Resources/img/square.png
[DEBUG] from resource zip => assets/Resources/img/tab-bar.png
[DEBUG] from resource zip => assets/Resources/AgendaWindow.js
[DEBUG] from resource zip => assets/Resources/Auction.js
[DEBUG] from resource zip => assets/Resources/Auction_Observer.js
[DEBUG] from resource zip => assets/Resources/Custom.js
[DEBUG] from resource zip => assets/Resources/DashBoard.js
[DEBUG] from resource zip => assets/Resources/Delete_Service.js
[DEBUG] from resource zip => assets/Resources/Dialog.js
[DEBUG] from resource zip => assets/Resources/DisplayOrders.js
[DEBUG] from resource zip => assets/Resources/Document.js
[DEBUG] from resource zip => assets/Resources/ErrorHandler.js
[DEBUG] from resource zip => assets/Resources/FixJSTimestamp.js
[DEBUG] from resource zip => assets/Resources/GC.js
[DEBUG] from resource zip => assets/Resources/GLOBALS.js
[DEBUG] from resource zip => assets/Resources/HistoryWindow.js
[DEBUG] from resource zip => assets/Resources/InBox.js
[DEBUG] from resource zip => assets/Resources/InitDb.js
[DEBUG] from resource zip => assets/Resources/KS_nav_ui.png
[DEBUG] from resource zip => assets/Resources/KS_nav_views.png
[DEBUG] from resource zip => assets/Resources/Location.js
[DEBUG] from resource zip => assets/Resources/LoginWindow.js
[DEBUG] from resource zip => assets/Resources/Network.js
[DEBUG] from resource zip => assets/Resources/Notification.js
[DEBUG] from resource zip => assets/Resources/OpenCamera.js
[DEBUG] from resource zip => assets/Resources/POD.js
[DEBUG] from resource zip => assets/Resources/PostToAuditService.js
[DEBUG] from resource zip => assets/Resources/Search.js
[DEBUG] from resource zip => assets/Resources/SignatureCapture_2.js
[DEBUG] from resource zip => assets/Resources/SlimGlobals.js
[DEBUG] from resource zip => assets/Resources/StartService.js
[DEBUG] from resource zip => assets/Resources/StopService.js
[DEBUG] from resource zip => assets/Resources/Sync.js
[DEBUG] from resource zip => assets/Resources/TabledWindow.js
[DEBUG] from resource zip => assets/Resources/UpdateJob_2.js
[DEBUG] from resource zip => assets/Resources/agenda_bg.jpg
[DEBUG] from resource zip => assets/Resources/app.js
[DEBUG] from resource zip => assets/Resources/appicon.png
[DEBUG] from resource zip => assets/Resources/autoupdate.js
[DEBUG] from resource zip => assets/Resources/db.js
[DEBUG] from resource zip => assets/Resources/default.png
[DEBUG] from resource zip => assets/Resources/hisorty_bg.jpg
[DEBUG] from resource zip => assets/Resources/inbox_bg.jpg
[DEBUG] from resource zip => assets/Resources/money_background_1280_960.jpeg
[DEBUG] from resource zip => assets/Resources/nightroad.jpg
[DEBUG] from resource zip => assets/Resources/open_bg.jpg
[DEBUG] from resource zip => assets/Resources/optionsWindow.js
[DEBUG] from resource zip => assets/Resources/pod_bg.jpg
[DEBUG] from resource zip => assets/Resources/road_sky_1280_800.jpeg
[DEBUG] from resource zip => assets/app.json
[DEBUG] from resource zip => assets/index.json
[DEBUG] from resource zip => assets/tiapp.xml
[DEBUG] from resource zip => res/drawable/appicon.png
[DEBUG] from resource zip => res/drawable/background.png
[DEBUG] from resource zip => res/layout/titanium_tabgroup.xml
[DEBUG] from resource zip => AndroidManifest.xml
[DEBUG] from resource zip => resources.arsc
[DEBUG] from resource zip => res/drawable-long-land-hdpi/background.png
[DEBUG] from resource zip => res/drawable-long-land-ldpi/background.png
[DEBUG] from resource zip => res/drawable-long-port-hdpi/background.png
[DEBUG] from resource zip => res/drawable-long-port-ldpi/background.png
[DEBUG] from resource zip => res/drawable-notlong-land-hdpi/background.png
[DEBUG] from resource zip => res/drawable-notlong-land-ldpi/background.png
[DEBUG] from resource zip => res/drawable-notlong-land-mdpi/background.png
[DEBUG] from resource zip => res/drawable-notlong-port-hdpi/background.png
[DEBUG] from resource zip => res/drawable-notlong-port-ldpi/background.png
[DEBUG] from resource zip => res/drawable-notlong-port-mdpi/background.png
[DEBUG] from JAR /Library/Application Support/Titanium/mobilesdk/osx/2.1.1.GA/android/thirdparty.jar => org/apache/Commons-NOTICE.txt
[DEBUG] from JAR /Library/Application Support/Titanium/mobilesdk/osx/2.1.1.GA/android/thirdparty.jar => org/apache/HttpComponents-NOTICE.txt
[DEBUG] from JAR /Library/Application Support/Titanium/mobilesdk/osx/2.1.1.GA/android/thirdparty.jar => org/apache/mime4j-NOTICE.txt
[DEBUG] from JAR /Library/Application Support/Titanium/mobilesdk/osx/2.1.1.GA/android/titanium.jar => org/appcelerator/titanium/build.properties
[DEBUG] from JAR /Library/Application Support/Titanium/mobilesdk/osx/2.1.1.GA/android/titanium.jar => org/appcelerator/titanium/res/drawable/background.png
[DEBUG] from JAR /Library/Application Support/Titanium/mobilesdk/osx/2.1.1.GA/android/titanium.jar => org/appcelerator/titanium/res/drawable/btn_check_buttonless_on.png
[DEBUG] from JAR /Library/Application Support/Titanium/mobilesdk/osx/2.1.1.GA/android/titanium.jar => org/appcelerator/titanium/res/drawable/btn_check_buttonless_on_18.png
[DEBUG] from JAR /Library/Application Support/Titanium/mobilesdk/osx/2.1.1.GA/android/titanium.jar => org/appcelerator/titanium/res/drawable/btn_check_buttonless_on_48.png
[DEBUG] from JAR /Library/Application Support/Titanium/mobilesdk/osx/2.1.1.GA/android/titanium.jar => org/appcelerator/titanium/res/drawable/btn_more.png
[DEBUG] from JAR /Library/Application Support/Titanium/mobilesdk/osx/2.1.1.GA/android/titanium.jar => org/appcelerator/titanium/res/drawable/btn_more_18.png
[DEBUG] from JAR /Library/Application Support/Titanium/mobilesdk/osx/2.1.1.GA/android/titanium.jar => org/appcelerator/titanium/res/drawable/btn_more_48.png
[DEBUG] from JAR /Library/Application Support/Titanium/mobilesdk/osx/2.1.1.GA/android/titanium.jar => org/appcelerator/titanium/res/drawable/btn_picker_normal.9.png
[DEBUG] from JAR /Library/Application Support/Titanium/mobilesdk/osx/2.1.1.GA/android/titanium.jar => org/appcelerator/titanium/res/drawable/btn_picker_pressed.9.png
[DEBUG] from JAR /Library/Application Support/Titanium/mobilesdk/osx/2.1.1.GA/android/titanium.jar => org/appcelerator/titanium/res/drawable/btn_picker_selected.9.png
[DEBUG] from JAR /Library/Application Support/Titanium/mobilesdk/osx/2.1.1.GA/android/titanium.jar => org/appcelerator/titanium/res/drawable/default_icon.png
[DEBUG] from JAR /Library/Application Support/Titanium/mobilesdk/osx/2.1.1.GA/android/titanium.jar => org/appcelerator/titanium/res/drawable/photoDefault.png
[DEBUG] from JAR /Library/Application Support/Titanium/mobilesdk/osx/2.1.1.GA/android/modules/titanium-ui.jar => ti/modules/titanium/ui/widget/webview/binding.js
[DEBUG] from JAR /Library/Application Support/Titanium/mobilesdk/osx/2.1.1.GA/android/modules/titanium-ui.jar => ti/modules/titanium/ui/widget/webview/binding.min.js
[DEBUG] from JAR /Library/Application Support/Titanium/mobilesdk/osx/2.1.1.GA/android/modules/titanium-ui.jar => ti/modules/titanium/ui/widget/webview/json2.js
[DEBUG] from JAR /Library/Application Support/Titanium/mobilesdk/osx/2.1.1.GA/android/modules/titanium-ui.jar => ti/modules/titanium/ui/widget/webview/polling.js
[DEBUG] from JAR /Library/Application Support/Titanium/mobilesdk/osx/2.1.1.GA/android/modules/titanium-ui.jar => ti/modules/titanium/ui/widget/webview/polling.min.js
[DEBUG] installing native lib: /Users/dperussina/Documents/Titanium Studio Workspace/TAGNET Mobile/modules/android/uk.me.thepotters.atf.sys/2.0/libs/armeabi/libuk.me.thepotters.atf.sys.so
[DEBUG] installing native lib: /Users/dperussina/Documents/Titanium Studio Workspace/TAGNET Mobile/modules/android/uk.me.thepotters.atf.sys/2.0/libs/armeabi-v7a/libuk.me.thepotters.atf.sys.so
[DEBUG] installing native lib: /Users/dperussina/Documents/Titanium Studio Workspace/TAGNET Mobile/modules/android/ti.paint/2.0.1/libs/armeabi/libti.paint.so
[DEBUG] installing native lib: /Users/dperussina/Documents/Titanium Studio Workspace/TAGNET Mobile/modules/android/ti.paint/2.0.1/libs/armeabi-v7a/libti.paint.so
[DEBUG] installing native SDK libs
[DEBUG] Waiting for device to be ready ...
[TRACE] adb devices returned 2 devices/emulators
[DEBUG] Device connected... (waited 0 seconds)
[DEBUG] waited 0.016370 seconds on emulator to get ready
[INFO] Installing application on device
[INFO] Application installed. Launch from drawer on Home Screen
